2022/11/16 18:54:41 Starting cygwin install, version 2.919
2022/11/16 18:54:41 mbox : Cygwin support for 32-bit Windows is deprecated, and will be removed in the next major version
2022/11/16 18:54:43 User has backup/restore rights
2022/11/16 18:54:43 User has symlink creation right
2022/11/16 18:54:43 io_stream_cygfile: fopen(/etc/setup/setup.rc) failed 2 No such file or directory
2022/11/16 18:54:43 Current Directory: C:\Users\vic.cheng\Desktop\ECR6600windows»·¾³´î½¨
2022/11/16 18:55:46 source: network install
2022/11/16 18:56:09 source: network install
2022/11/16 18:56:37 root: D:\cygwin system
2022/11/16 18:58:11 root: D:\Cygwin system
2022/11/16 18:58:25 Selected local directory: D:\Cygwin
2022/11/16 18:58:57 net: Preconfig
2022/11/16 18:59:13 site: https://mirrors.163.com/cygwin/
2022/11/16 18:59:16 io_stream_cygfile: fopen(/etc/setup/timestamp) failed 2 No such file or directory
2022/11/16 18:59:16 io_stream_cygfile: fopen(/etc/setup/installed.db) failed 2 No such file or directory
2022/11/16 18:59:17 solving: 37 tasks, update: yes, use test packages: no
2022/11/16 19:02:18 solving: 75 tasks, update: no, use test packages: no
2022/11/16 19:02:18 Augmented Transaction List:
2022/11/16 19:02:18    0 install base-cygwin             3.8-1                       
2022/11/16 19:02:18    1 install cygwin                  3.3.6-1                     
2022/11/16 19:02:18    2 install libpopt-common          1.18-1                      
2022/11/16 19:02:18    3 install rebase                  4.6.1-1                     
2022/11/16 19:02:18    4 install terminfo                6.1-1.20190727              
2022/11/16 19:02:18    5 install tzdata                  2022f-1                     
2022/11/16 19:02:18    6 install publicsuffix-list-dafsa 20220430-1                  
2022/11/16 19:02:18    7 install libgsasl-common         1.10.0-1                    
2022/11/16 19:02:18    8 install libbrotlicommon1        1.0.9-2                     
2022/11/16 19:02:18    9 install libntlm0                1.4-1                       
2022/11/16 19:02:18   10 install cygrunsrv               1.62-1                      
2022/11/16 19:02:18   11 install libexpat1               2.4.1-1                     
2022/11/16 19:02:18   12 install libltdl7                2.4.7-1                     
2022/11/16 19:02:18   13 install which                   2.20-2                      
2022/11/16 19:02:18   14 install run                     1.3.4-2                     
2022/11/16 19:02:18   15 install mintty                  3.6.2-1                     
2022/11/16 19:02:18   16 install login                   1.13-1                      
2022/11/16 19:02:18   17 install libsigsegv2             2.10-2                      
2022/11/16 19:02:18   18 install libpipeline1            1.5.6-1                     
2022/11/16 19:02:18   19 install libpcre2_8_0            10.40-1                     
2022/11/16 19:02:18   20 install liblzma5                5.2.7-1                     
2022/11/16 19:02:18   21 install liblz4_1                1.9.4-1                     
2022/11/16 19:02:18   22 install libiconv2               1.17-1                      
2022/11/16 19:02:18   23 install libgmp10                6.2.1-2                     
2022/11/16 19:02:18   24 install libgcc1                 11.3.0-1                    
2022/11/16 19:02:18   25 install libffi6                 3.2.1-1                     
2022/11/16 19:02:18   26 install libbz2_1                1.0.8-1                     
2022/11/16 19:02:18   27 install libargp                 20110921-3                  
2022/11/16 19:02:18   28 install ipc-utils               1.0-1                       
2022/11/16 19:02:18   29 install hostname                3.13-1                      
2022/11/16 19:02:18   30 install editrights              1.03-1                      
2022/11/16 19:02:18   31 install dash                    0.5.11.5-1                  
2022/11/16 19:02:18   32 install terminfo-extra          6.1-1.20190727              
2022/11/16 19:02:18   33 install libbrotlidec1           1.0.9-2                     
2022/11/16 19:02:18   34 install libintl8                0.21.1-1                    
2022/11/16 19:02:18   35 install libnghttp2_14           1.51.0-1                    
2022/11/16 19:02:18   36 install libcom_err2             1.44.5-1                    
2022/11/16 19:02:18   37 install libzstd1                1.5.2-1                     
2022/11/16 19:02:18   38 install libunistring2           0.9.10-1                    
2022/11/16 19:02:18   39 install libgc1                  8.0.6-1                     
2022/11/16 19:02:18   40 install libcrypt2               4.4.20-1                    
2022/11/16 19:02:18   41 install zlib0                   1.2.13-1                    
2022/11/16 19:02:18   42 install libtasn1_6              4.14-1                      
2022/11/16 19:02:18   43 install libstdc++6              11.3.0-1                    
2022/11/16 19:02:18   44 install libmpfr6                4.1.0-2                     
2022/11/16 19:02:18   45 install getent                  2.18.90-4                   
2022/11/16 19:02:18   46 install _autorebase             001091-1                    
2022/11/16 19:02:18   47 install libncursesw10           6.1-1.20190727              
2022/11/16 19:02:18   48 install libidn12                1.41-1                      
2022/11/16 19:02:18   49 install libidn2_0               2.3.4-1                     
2022/11/16 19:02:18   50 install libkrb5support0         1.15.2-2                    
2022/11/16 19:02:18   51 install sed                     4.9-1                       
2022/11/16 19:02:18   52 install libuuid1                2.33.1-2                    
2022/11/16 19:02:18   53 install libsmartcols1           2.33.1-2                    
2022/11/16 19:02:18   54 install libpopt0                1.18-1                      
2022/11/16 19:02:18   55 install libp11-kit0             0.23.20-1                   
2022/11/16 19:02:18   56 install libgdbm6                1.18.1-1                    
2022/11/16 19:02:18   57 install libattr1                2.4.48-2                    
2022/11/16 19:02:18   58 install diffutils               3.8-1                       
2022/11/16 19:02:18   59 install alternatives            1.3.30c-10                  
2022/11/16 19:02:18   60 install perl_base               5.32.1-2                    
2022/11/16 19:02:18   61 install file                    5.41-2                      
2022/11/16 19:02:18   62 install libdb5.3                5.3.28-2                    
2022/11/16 19:02:18   63 install libedit0                20130712-1                  
2022/11/16 19:02:18   64 install vim-minimal             8.2.4372-1                  
2022/11/16 19:02:18   65 install ncurses                 6.1-1.20190727              
2022/11/16 19:02:18   66 install libreadline7            8.1-2                       
2022/11/16 19:02:18   67 install less                    590-1                       
2022/11/16 19:02:18   68 install info                    6.8-2                       
2022/11/16 19:02:18   69 install libpsl5                 0.21.1-1                    
2022/11/16 19:02:18   70 install libk5crypto3            1.15.2-2                    
2022/11/16 19:02:18   71 install libblkid1               2.33.1-2                    
2022/11/16 19:02:18   72 install cygutils                1.4.17-1                    
2022/11/16 19:02:18   73 install p11-kit-trust           0.23.20-1                   
2022/11/16 19:02:18   74 install p11-kit                 0.23.20-1                   
2022/11/16 19:02:18   75 install perl_autorebase         5.32.1-2                    
2022/11/16 19:02:18   76 install libguile2.2_1           2.2.7-1                     
2022/11/16 19:02:18   77 install gawk                    5.1.1-1                     
2022/11/16 19:02:18   78 install coreutils               9.0-1                       
2022/11/16 19:02:18   79 install libkrb5_3               1.15.2-2                    
2022/11/16 19:02:18   80 install libfdisk1               2.33.1-2                    
2022/11/16 19:02:18   81 install perl-TermReadKey        2.38-3                      
2022/11/16 19:02:18   82 install perl-Error              0.17029-2                   
2022/11/16 19:02:18   83 install make                    4.3-1                       
2022/11/16 19:02:18   84 install bash                    4.4.12-3                    
2022/11/16 19:02:18   85 install libgssapi_krb5_2        1.15.2-2                    
2022/11/16 19:02:18   86 install util-linux              2.33.1-2                    
2022/11/16 19:02:18   87 install tzcode                  2022e-1                     
2022/11/16 19:02:18   88 install libgsasl7               1.10.0-1                    
2022/11/16 19:02:18   89 install zstd                    1.5.2-1                     
2022/11/16 19:02:18   90 install xz                      5.2.7-1                     
2022/11/16 19:02:18   91 install gzip                    1.12-1                      
2022/11/16 19:02:18   92 install groff                   1.22.4-1                    
2022/11/16 19:02:18   93 install grep                    3.8-2                       
2022/11/16 19:02:18   94 install findutils               4.9.0-1                     
2022/11/16 19:02:18   95 install crypto-policies         20190218-1                  
2022/11/16 19:02:18   96 install ca-certificates         2022.2.54-3                 
2022/11/16 19:02:18   97 install bzip2                   1.0.8-1                     
2022/11/16 19:02:18   98 install man-db                  2.11.0-1                    
2022/11/16 19:02:18   99 install csih                    0.9.11-1                    
2022/11/16 19:02:18  100 install base-files              4.3-3                       
2022/11/16 19:02:18  101 install libssl1.1               1.1.1s-1                    
2022/11/16 19:02:18  102 install tar                     1.34-1                      
2022/11/16 19:02:18  103 install libsasl2_3              2.1.27-1                    
2022/11/16 19:02:18  104 install libssh2_1               1.10.0-1                    
2022/11/16 19:02:18  105 install libfido2                1.11.0-1                    
2022/11/16 19:02:18  106 install rsync                   3.2.3+20200903+git9f9240b-4 
2022/11/16 19:02:18  107 install openssl                 1.1.1s-1                    
2022/11/16 19:02:18  108 install libopenldap2            2.6.3-1                     
2022/11/16 19:02:18  109 install openssh                 9.1p1-1                     
2022/11/16 19:02:18  110 install libopenldap2_4_2        2.6.3-1                     
2022/11/16 19:02:18  111 install libcurl4                7.85.0-1                    
2022/11/16 19:02:18  112 install git                     2.38.1-1                    
2022/11/16 19:02:51 Downloaded D:\Cygwin/https%3a%2f%2fmirrors.163.com%2fcygwin%2f/noarch/release/base-cygwin/base-cygwin-3.8-1.tar.xz
2022/11/16 19:02:52 Downloaded D:\Cygwin/https%3a%2f%2fmirrors.163.com%2fcygwin%2f/x86/release/cygwin/cygwin-3.3.6-1.tar.xz
2022/11/16 19:02:52 Downloaded D:\Cygwin/https%3a%2f%2fmirrors.163.com%2fcygwin%2f/x86/release/popt/libpopt-common/libpopt-common-1.18-1.tar.xz
2022/11/16 19:02:52 Downloaded D:\Cygwin/https%3a%2f%2fmirrors.163.com%2fcygwin%2f/x86/release/rebase/rebase-4.6.1-1.tar.xz
2022/11/16 19:02:52 Downloaded D:\Cygwin/https%3a%2f%2fmirrors.163.com%2fcygwin%2f/x86/release/ncurses/terminfo/terminfo-6.1-1.20190727.tar.xz
2022/11/16 19:02:53 Downloaded D:\Cygwin/https%3a%2f%2fmirrors.163.com%2fcygwin%2f/noarch/release/tzdata/tzdata-2022f-1.tar.xz
2022/11/16 19:02:53 Downloaded D:\Cygwin/https%3a%2f%2fmirrors.163.com%2fcygwin%2f/noarch/release/publicsuffix-list/publicsuffix-list-dafsa/publicsuffix-list-dafsa-20220430-1.tar.xz
2022/11/16 19:02:53 Downloaded D:\Cygwin/https%3a%2f%2fmirrors.163.com%2fcygwin%2f/x86/release/gsasl/libgsasl-common/libgsasl-common-1.10.0-1.tar.xz
2022/11/16 19:02:54 Downloaded D:\Cygwin/https%3a%2f%2fmirrors.163.com%2fcygwin%2f/x86/release/brotli/libbrotlicommon1/libbrotlicommon1-1.0.9-2.tar.xz
2022/11/16 19:02:54 Downloaded D:\Cygwin/https%3a%2f%2fmirrors.163.com%2fcygwin%2f/x86/release/libntlm/libntlm0/libntlm0-1.4-1.tar.xz
2022/11/16 19:02:54 Downloaded D:\Cygwin/https%3a%2f%2fmirrors.163.com%2fcygwin%2f/x86/release/cygrunsrv/cygrunsrv-1.62-1.tar.xz
2022/11/16 19:02:54 Downloaded D:\Cygwin/https%3a%2f%2fmirrors.163.com%2fcygwin%2f/x86/release/expat/libexpat1/libexpat1-2.4.1-1.tar.xz
2022/11/16 19:02:55 Downloaded D:\Cygwin/https%3a%2f%2fmirrors.163.com%2fcygwin%2f/x86/release/libtool/libltdl7/libltdl7-2.4.7-1.tar.zst
2022/11/16 19:02:55 Downloaded D:\Cygwin/https%3a%2f%2fmirrors.163.com%2fcygwin%2f/x86/release/which/which-2.20-2.tar.bz2
2022/11/16 19:02:55 Downloaded D:\Cygwin/https%3a%2f%2fmirrors.163.com%2fcygwin%2f/x86/release/run/run-1.3.4-2.tar.xz
2022/11/16 19:02:56 Downloaded D:\Cygwin/https%3a%2f%2fmirrors.163.com%2fcygwin%2f/x86/release/mintty/mintty-3.6.2-1.tar.xz
2022/11/16 19:02:56 Downloaded D:\Cygwin/https%3a%2f%2fmirrors.163.com%2fcygwin%2f/x86/release/login/login-1.13-1.tar.xz
2022/11/16 19:02:56 Downloaded D:\Cygwin/https%3a%2f%2fmirrors.163.com%2fcygwin%2f/x86/release/libsigsegv/libsigsegv2/libsigsegv2-2.10-2.tar.xz
2022/11/16 19:02:56 Downloaded D:\Cygwin/https%3a%2f%2fmirrors.163.com%2fcygwin%2f/x86/release/libpipeline/libpipeline1/libpipeline1-1.5.6-1.tar.xz
2022/11/16 19:02:56 Downloaded D:\Cygwin/https%3a%2f%2fmirrors.163.com%2fcygwin%2f/x86/release/pcre2/libpcre2_8_0/libpcre2_8_0-10.40-1.tar.zst
2022/11/16 19:02:57 Downloaded D:\Cygwin/https%3a%2f%2fmirrors.163.com%2fcygwin%2f/x86/release/xz/liblzma5/liblzma5-5.2.7-1.tar.zst
2022/11/16 19:02:58 Downloaded D:\Cygwin/https%3a%2f%2fmirrors.163.com%2fcygwin%2f/x86/release/lz4/liblz4_1/liblz4_1-1.9.4-1.tar.xz
2022/11/16 19:02:58 Downloaded D:\Cygwin/https%3a%2f%2fmirrors.163.com%2fcygwin%2f/x86/release/libiconv/libiconv2/libiconv2-1.17-1.tar.xz
2022/11/16 19:02:58 Downloaded D:\Cygwin/https%3a%2f%2fmirrors.163.com%2fcygwin%2f/x86/release/gmp/libgmp10/libgmp10-6.2.1-2.tar.zst
2022/11/16 19:02:58 Downloaded D:\Cygwin/https%3a%2f%2fmirrors.163.com%2fcygwin%2f/x86/release/gcc/libgcc1/libgcc1-11.3.0-1.tar.zst
2022/11/16 19:02:58 Downloaded D:\Cygwin/https%3a%2f%2fmirrors.163.com%2fcygwin%2f/x86/release/libffi/libffi6/libffi6-3.2.1-1.tar.xz
2022/11/16 19:02:58 Downloaded D:\Cygwin/https%3a%2f%2fmirrors.163.com%2fcygwin%2f/x86/release/bzip2/libbz2_1/libbz2_1-1.0.8-1.tar.xz
2022/11/16 19:02:59 Downloaded D:\Cygwin/https%3a%2f%2fmirrors.163.com%2fcygwin%2f/x86/release/libargp/libargp-20110921-3.tar.xz
2022/11/16 19:02:59 Downloaded D:\Cygwin/https%3a%2f%2fmirrors.163.com%2fcygwin%2f/x86/release/ipc-utils/ipc-utils-1.0-1.tar.bz2
2022/11/16 19:02:59 Downloaded D:\Cygwin/https%3a%2f%2fmirrors.163.com%2fcygwin%2f/x86/release/hostname/hostname-3.13-1.tar.bz2
2022/11/16 19:02:59 Downloaded D:\Cygwin/https%3a%2f%2fmirrors.163.com%2fcygwin%2f/x86/release/editrights/editrights-1.03-1.tar.xz
2022/11/16 19:03:00 Downloaded D:\Cygwin/https%3a%2f%2fmirrors.163.com%2fcygwin%2f/x86/release/dash/dash-0.5.11.5-1.tar.xz
2022/11/16 19:03:00 Downloaded D:\Cygwin/https%3a%2f%2fmirrors.163.com%2fcygwin%2f/x86/release/ncurses/terminfo-extra/terminfo-extra-6.1-1.20190727.tar.xz
2022/11/16 19:03:01 Downloaded D:\Cygwin/https%3a%2f%2fmirrors.163.com%2fcygwin%2f/x86/release/brotli/libbrotlidec1/libbrotlidec1-1.0.9-2.tar.xz
2022/11/16 19:03:01 Downloaded D:\Cygwin/https%3a%2f%2fmirrors.163.com%2fcygwin%2f/x86/release/gettext/libintl8/libintl8-0.21.1-1.tar.xz
2022/11/16 19:03:01 Downloaded D:\Cygwin/https%3a%2f%2fmirrors.163.com%2fcygwin%2f/x86/release/nghttp2/libnghttp2_14/libnghttp2_14-1.51.0-1.tar.xz
2022/11/16 19:03:01 Downloaded D:\Cygwin/https%3a%2f%2fmirrors.163.com%2fcygwin%2f/x86/release/e2fsprogs/libcom_err2/libcom_err2-1.44.5-1.tar.xz
2022/11/16 19:03:01 Downloaded D:\Cygwin/https%3a%2f%2fmirrors.163.com%2fcygwin%2f/x86/release/zstd/libzstd1/libzstd1-1.5.2-1.tar.zst
2022/11/16 19:03:02 Downloaded D:\Cygwin/https%3a%2f%2fmirrors.163.com%2fcygwin%2f/x86/release/libunistring/libunistring2/libunistring2-0.9.10-1.tar.xz
2022/11/16 19:03:02 Downloaded D:\Cygwin/https%3a%2f%2fmirrors.163.com%2fcygwin%2f/x86/release/libgc/libgc1/libgc1-8.0.6-1.tar.xz
2022/11/16 19:03:02 Downloaded D:\Cygwin/https%3a%2f%2fmirrors.163.com%2fcygwin%2f/x86/release/libxcrypt/libcrypt2/libcrypt2-4.4.20-1.tar.xz
2022/11/16 19:03:02 Downloaded D:\Cygwin/https%3a%2f%2fmirrors.163.com%2fcygwin%2f/x86/release/zlib/zlib0/zlib0-1.2.13-1.tar.zst
2022/11/16 19:03:02 Downloaded D:\Cygwin/https%3a%2f%2fmirrors.163.com%2fcygwin%2f/x86/release/libtasn1/libtasn1_6/libtasn1_6-4.14-1.tar.xz
2022/11/16 19:03:02 Downloaded D:\Cygwin/https%3a%2f%2fmirrors.163.com%2fcygwin%2f/x86/release/gcc/libstdc++6/libstdc++6-11.3.0-1.tar.zst
2022/11/16 19:03:06 Downloaded D:\Cygwin/https%3a%2f%2fmirrors.163.com%2fcygwin%2f/x86/release/mpfr/libmpfr6/libmpfr6-4.1.0-2.tar.zst
2022/11/16 19:03:06 Downloaded D:\Cygwin/https%3a%2f%2fmirrors.163.com%2fcygwin%2f/x86/release/getent/getent-2.18.90-4.tar.xz
2022/11/16 19:03:06 Downloaded D:\Cygwin/https%3a%2f%2fmirrors.163.com%2fcygwin%2f/noarch/release/_autorebase/_autorebase-001091-1.tar.zst
2022/11/16 19:03:06 Downloaded D:\Cygwin/https%3a%2f%2fmirrors.163.com%2fcygwin%2f/x86/release/ncurses/libncursesw10/libncursesw10-6.1-1.20190727.tar.xz
2022/11/16 19:03:06 Downloaded D:\Cygwin/https%3a%2f%2fmirrors.163.com%2fcygwin%2f/x86/release/libidn/libidn12/libidn12-1.41-1.tar.xz
2022/11/16 19:03:07 Downloaded D:\Cygwin/https%3a%2f%2fmirrors.163.com%2fcygwin%2f/x86/release/libidn2/libidn2_0/libidn2_0-2.3.4-1.tar.xz
2022/11/16 19:03:07 Downloaded D:\Cygwin/https%3a%2f%2fmirrors.163.com%2fcygwin%2f/x86/release/krb5/libkrb5support0/libkrb5support0-1.15.2-2.tar.xz
2022/11/16 19:03:07 Downloaded D:\Cygwin/https%3a%2f%2fmirrors.163.com%2fcygwin%2f/x86/release/sed/sed-4.9-1.tar.xz
2022/11/16 19:03:07 Downloaded D:\Cygwin/https%3a%2f%2fmirrors.163.com%2fcygwin%2f/x86/release/util-linux/libuuid1/libuuid1-2.33.1-2.tar.xz
2022/11/16 19:03:07 Downloaded D:\Cygwin/https%3a%2f%2fmirrors.163.com%2fcygwin%2f/x86/release/util-linux/libsmartcols1/libsmartcols1-2.33.1-2.tar.xz
2022/11/16 19:03:07 Downloaded D:\Cygwin/https%3a%2f%2fmirrors.163.com%2fcygwin%2f/x86/release/popt/libpopt0/libpopt0-1.18-1.tar.xz
2022/11/16 19:03:07 Downloaded D:\Cygwin/https%3a%2f%2fmirrors.163.com%2fcygwin%2f/x86/release/p11-kit/libp11-kit0/libp11-kit0-0.23.20-1.tar.xz
2022/11/16 19:03:08 Downloaded D:\Cygwin/https%3a%2f%2fmirrors.163.com%2fcygwin%2f/x86/release/gdbm/libgdbm6/libgdbm6-1.18.1-1.tar.xz
2022/11/16 19:03:08 Downloaded D:\Cygwin/https%3a%2f%2fmirrors.163.com%2fcygwin%2f/x86/release/attr/libattr1/libattr1-2.4.48-2.tar.xz
2022/11/16 19:03:09 Downloaded D:\Cygwin/https%3a%2f%2fmirrors.163.com%2fcygwin%2f/x86/release/diffutils/diffutils-3.8-1.tar.xz
2022/11/16 19:03:09 Downloaded D:\Cygwin/https%3a%2f%2fmirrors.163.com%2fcygwin%2f/x86/release/alternatives/alternatives-1.3.30c-10.tar.bz2
2022/11/16 19:03:11 Downloaded D:\Cygwin/https%3a%2f%2fmirrors.163.com%2fcygwin%2f/x86/release/perl/perl_base/perl_base-5.32.1-2.tar.zst
2022/11/16 19:03:11 Downloaded D:\Cygwin/https%3a%2f%2fmirrors.163.com%2fcygwin%2f/x86/release/file/file-5.41-2.tar.xz
2022/11/16 19:03:12 Downloaded D:\Cygwin/https%3a%2f%2fmirrors.163.com%2fcygwin%2f/x86/release/db/libdb5.3/libdb5.3-5.3.28-2.tar.xz
2022/11/16 19:03:12 Downloaded D:\Cygwin/https%3a%2f%2fmirrors.163.com%2fcygwin%2f/x86/release/libedit/libedit0/libedit0-20130712-1.tar.xz
2022/11/16 19:03:12 Downloaded D:\Cygwin/https%3a%2f%2fmirrors.163.com%2fcygwin%2f/x86/release/vim/vim-minimal/vim-minimal-8.2.4372-1.tar.xz
2022/11/16 19:03:12 Downloaded D:\Cygwin/https%3a%2f%2fmirrors.163.com%2fcygwin%2f/x86/release/ncurses/ncurses-6.1-1.20190727.tar.xz
2022/11/16 19:03:12 Downloaded D:\Cygwin/https%3a%2f%2fmirrors.163.com%2fcygwin%2f/x86/release/readline/libreadline7/libreadline7-8.1-2.tar.xz
2022/11/16 19:03:12 Downloaded D:\Cygwin/https%3a%2f%2fmirrors.163.com%2fcygwin%2f/x86/release/less/less-590-1.tar.xz
2022/11/16 19:03:12 Downloaded D:\Cygwin/https%3a%2f%2fmirrors.163.com%2fcygwin%2f/x86/release/texinfo/info/info-6.8-2.tar.xz
2022/11/16 19:03:12 Downloaded D:\Cygwin/https%3a%2f%2fmirrors.163.com%2fcygwin%2f/x86/release/libpsl/libpsl5/libpsl5-0.21.1-1.tar.xz
2022/11/16 19:03:12 Downloaded D:\Cygwin/https%3a%2f%2fmirrors.163.com%2fcygwin%2f/x86/release/krb5/libk5crypto3/libk5crypto3-1.15.2-2.tar.xz
2022/11/16 19:03:12 Downloaded D:\Cygwin/https%3a%2f%2fmirrors.163.com%2fcygwin%2f/x86/release/util-linux/libblkid1/libblkid1-2.33.1-2.tar.xz
2022/11/16 19:03:13 Downloaded D:\Cygwin/https%3a%2f%2fmirrors.163.com%2fcygwin%2f/x86/release/cygutils/cygutils-1.4.17-1.tar.xz
2022/11/16 19:03:13 Downloaded D:\Cygwin/https%3a%2f%2fmirrors.163.com%2fcygwin%2f/x86/release/p11-kit/p11-kit-trust/p11-kit-trust-0.23.20-1.tar.xz
2022/11/16 19:03:13 Downloaded D:\Cygwin/https%3a%2f%2fmirrors.163.com%2fcygwin%2f/x86/release/p11-kit/p11-kit-0.23.20-1.tar.xz
2022/11/16 19:03:13 Downloaded D:\Cygwin/https%3a%2f%2fmirrors.163.com%2fcygwin%2f/x86/release/perl/perl_autorebase/perl_autorebase-5.32.1-2.tar.zst
2022/11/16 19:03:14 Downloaded D:\Cygwin/https%3a%2f%2fmirrors.163.com%2fcygwin%2f/x86/release/guile2.2/libguile2.2_1/libguile2.2_1-2.2.7-1.tar.xz
2022/11/16 19:03:14 Downloaded D:\Cygwin/https%3a%2f%2fmirrors.163.com%2fcygwin%2f/x86/release/gawk/gawk-5.1.1-1.tar.xz
2022/11/16 19:03:15 Downloaded D:\Cygwin/https%3a%2f%2fmirrors.163.com%2fcygwin%2f/x86/release/coreutils/coreutils-9.0-1.tar.xz
2022/11/16 19:03:15 Downloaded D:\Cygwin/https%3a%2f%2fmirrors.163.com%2fcygwin%2f/x86/release/krb5/libkrb5_3/libkrb5_3-1.15.2-2.tar.xz
2022/11/16 19:03:15 Downloaded D:\Cygwin/https%3a%2f%2fmirrors.163.com%2fcygwin%2f/x86/release/util-linux/libfdisk1/libfdisk1-2.33.1-2.tar.xz
2022/11/16 19:03:15 Downloaded D:\Cygwin/https%3a%2f%2fmirrors.163.com%2fcygwin%2f/x86/release/perl-TermReadKey/perl-TermReadKey-2.38-3.tar.zst
2022/11/16 19:03:15 Downloaded D:\Cygwin/https%3a%2f%2fmirrors.163.com%2fcygwin%2f/noarch/release/perl-Error/perl-Error-0.17029-2.tar.zst
2022/11/16 19:03:15 Downloaded D:\Cygwin/https%3a%2f%2fmirrors.163.com%2fcygwin%2f/x86/release/make/make-4.3-1.tar.xz
2022/11/16 19:03:16 Downloaded D:\Cygwin/https%3a%2f%2fmirrors.163.com%2fcygwin%2f/x86/release/bash/bash-4.4.12-3.tar.xz
2022/11/16 19:03:16 Downloaded D:\Cygwin/https%3a%2f%2fmirrors.163.com%2fcygwin%2f/x86/release/krb5/libgssapi_krb5_2/libgssapi_krb5_2-1.15.2-2.tar.xz
2022/11/16 19:03:16 Downloaded D:\Cygwin/https%3a%2f%2fmirrors.163.com%2fcygwin%2f/x86/release/util-linux/util-linux-2.33.1-2.tar.xz
2022/11/16 19:03:17 Downloaded D:\Cygwin/https%3a%2f%2fmirrors.163.com%2fcygwin%2f/x86/release/tzcode/tzcode-2022e-1.tar.xz
2022/11/16 19:03:17 Downloaded D:\Cygwin/https%3a%2f%2fmirrors.163.com%2fcygwin%2f/x86/release/gsasl/libgsasl7/libgsasl7-1.10.0-1.tar.xz
2022/11/16 19:03:18 Downloaded D:\Cygwin/https%3a%2f%2fmirrors.163.com%2fcygwin%2f/x86/release/zstd/zstd-1.5.2-1.tar.zst
2022/11/16 19:03:18 Downloaded D:\Cygwin/https%3a%2f%2fmirrors.163.com%2fcygwin%2f/x86/release/xz/xz-5.2.7-1.tar.zst
2022/11/16 19:03:18 Downloaded D:\Cygwin/https%3a%2f%2fmirrors.163.com%2fcygwin%2f/x86/release/gzip/gzip-1.12-1.tar.xz
2022/11/16 19:03:19 Downloaded D:\Cygwin/https%3a%2f%2fmirrors.163.com%2fcygwin%2f/x86/release/groff/groff-1.22.4-1.tar.xz
2022/11/16 19:03:19 Downloaded D:\Cygwin/https%3a%2f%2fmirrors.163.com%2fcygwin%2f/x86/release/grep/grep-3.8-2.tar.xz
2022/11/16 19:03:20 Downloaded D:\Cygwin/https%3a%2f%2fmirrors.163.com%2fcygwin%2f/x86/release/findutils/findutils-4.9.0-1.tar.xz
2022/11/16 19:03:20 Downloaded D:\Cygwin/https%3a%2f%2fmirrors.163.com%2fcygwin%2f/noarch/release/crypto-policies/crypto-policies-20190218-1.tar.xz
2022/11/16 19:03:20 Downloaded D:\Cygwin/https%3a%2f%2fmirrors.163.com%2fcygwin%2f/noarch/release/ca-certificates/ca-certificates-2022.2.54-3.tar.zst
2022/11/16 19:03:20 Downloaded D:\Cygwin/https%3a%2f%2fmirrors.163.com%2fcygwin%2f/x86/release/bzip2/bzip2-1.0.8-1.tar.xz
2022/11/16 19:03:21 Downloaded D:\Cygwin/https%3a%2f%2fmirrors.163.com%2fcygwin%2f/x86/release/man-db/man-db-2.11.0-1.tar.zst
2022/11/16 19:03:22 Downloaded D:\Cygwin/https%3a%2f%2fmirrors.163.com%2fcygwin%2f/x86/release/csih/csih-0.9.11-1.tar.xz
2022/11/16 19:03:22 Downloaded D:\Cygwin/https%3a%2f%2fmirrors.163.com%2fcygwin%2f/noarch/release/base-files/base-files-4.3-3.tar.zst
2022/11/16 19:03:23 Downloaded D:\Cygwin/https%3a%2f%2fmirrors.163.com%2fcygwin%2f/x86/release/openssl/libssl1.1/libssl1.1-1.1.1s-1.tar.zst
2022/11/16 19:03:23 Downloaded D:\Cygwin/https%3a%2f%2fmirrors.163.com%2fcygwin%2f/x86/release/tar/tar-1.34-1.tar.zst
2022/11/16 19:03:24 Downloaded D:\Cygwin/https%3a%2f%2fmirrors.163.com%2fcygwin%2f/x86/release/cyrus-sasl/libsasl2_3/libsasl2_3-2.1.27-1.tar.xz
2022/11/16 19:03:24 Downloaded D:\Cygwin/https%3a%2f%2fmirrors.163.com%2fcygwin%2f/x86/release/libssh2/libssh2_1/libssh2_1-1.10.0-1.tar.xz
2022/11/16 19:03:25 Downloaded D:\Cygwin/https%3a%2f%2fmirrors.163.com%2fcygwin%2f/x86/release/libfido2/libfido2-1.11.0-1.tar.xz
2022/11/16 19:03:25 Downloaded D:\Cygwin/https%3a%2f%2fmirrors.163.com%2fcygwin%2f/x86/release/rsync/rsync-3.2.3+20200903+git9f9240b-4.tar.xz
2022/11/16 19:03:27 Downloaded D:\Cygwin/https%3a%2f%2fmirrors.163.com%2fcygwin%2f/x86/release/openssl/openssl-1.1.1s-1.tar.zst
2022/11/16 19:03:27 Downloaded D:\Cygwin/https%3a%2f%2fmirrors.163.com%2fcygwin%2f/x86/release/openldap/libopenldap2/libopenldap2-2.6.3-1.tar.zst
2022/11/16 19:03:28 Downloaded D:\Cygwin/https%3a%2f%2fmirrors.163.com%2fcygwin%2f/x86/release/openssh/openssh-9.1p1-1.tar.xz
2022/11/16 19:03:28 Downloaded D:\Cygwin/https%3a%2f%2fmirrors.163.com%2fcygwin%2f/x86/release/openldap/libopenldap2_4_2/libopenldap2_4_2-2.6.3-1.tar.zst
2022/11/16 19:03:28 Downloaded D:\Cygwin/https%3a%2f%2fmirrors.163.com%2fcygwin%2f/x86/release/curl/libcurl4/libcurl4-7.85.0-1.tar.xz
2022/11/16 19:03:33 Downloaded D:\Cygwin/https%3a%2f%2fmirrors.163.com%2fcygwin%2f/x86/release/git/git-2.38.1-1.tar.xz
2022/11/16 19:03:33 Extracting from file://D:\Cygwin/https%3a%2f%2fmirrors.163.com%2fcygwin%2f/noarch/release/base-cygwin/base-cygwin-3.8-1.tar.xz
2022/11/16 19:03:33 Extracting from file://D:\Cygwin/https%3a%2f%2fmirrors.163.com%2fcygwin%2f/x86/release/cygwin/cygwin-3.3.6-1.tar.xz
2022/11/16 19:03:34 Extracting from file://D:\Cygwin/https%3a%2f%2fmirrors.163.com%2fcygwin%2f/x86/release/popt/libpopt-common/libpopt-common-1.18-1.tar.xz
2022/11/16 19:03:34 Extracting from file://D:\Cygwin/https%3a%2f%2fmirrors.163.com%2fcygwin%2f/x86/release/rebase/rebase-4.6.1-1.tar.xz
2022/11/16 19:03:34 Extracting from file://D:\Cygwin/https%3a%2f%2fmirrors.163.com%2fcygwin%2f/x86/release/ncurses/terminfo/terminfo-6.1-1.20190727.tar.xz
2022/11/16 19:03:34 Extracting from file://D:\Cygwin/https%3a%2f%2fmirrors.163.com%2fcygwin%2f/noarch/release/tzdata/tzdata-2022f-1.tar.xz
2022/11/16 19:03:36 Extracting from file://D:\Cygwin/https%3a%2f%2fmirrors.163.com%2fcygwin%2f/noarch/release/publicsuffix-list/publicsuffix-list-dafsa/publicsuffix-list-dafsa-20220430-1.tar.xz
2022/11/16 19:03:36 Extracting from file://D:\Cygwin/https%3a%2f%2fmirrors.163.com%2fcygwin%2f/x86/release/gsasl/libgsasl-common/libgsasl-common-1.10.0-1.tar.xz
2022/11/16 19:03:36 Extracting from file://D:\Cygwin/https%3a%2f%2fmirrors.163.com%2fcygwin%2f/x86/release/brotli/libbrotlicommon1/libbrotlicommon1-1.0.9-2.tar.xz
2022/11/16 19:03:36 Extracting from file://D:\Cygwin/https%3a%2f%2fmirrors.163.com%2fcygwin%2f/x86/release/libntlm/libntlm0/libntlm0-1.4-1.tar.xz
2022/11/16 19:03:37 Extracting from file://D:\Cygwin/https%3a%2f%2fmirrors.163.com%2fcygwin%2f/x86/release/cygrunsrv/cygrunsrv-1.62-1.tar.xz
2022/11/16 19:03:37 Extracting from file://D:\Cygwin/https%3a%2f%2fmirrors.163.com%2fcygwin%2f/x86/release/expat/libexpat1/libexpat1-2.4.1-1.tar.xz
2022/11/16 19:03:37 Extracting from file://D:\Cygwin/https%3a%2f%2fmirrors.163.com%2fcygwin%2f/x86/release/libtool/libltdl7/libltdl7-2.4.7-1.tar.zst
2022/11/16 19:03:37 Extracting from file://D:\Cygwin/https%3a%2f%2fmirrors.163.com%2fcygwin%2f/x86/release/which/which-2.20-2.tar.bz2
2022/11/16 19:03:37 Extracting from file://D:\Cygwin/https%3a%2f%2fmirrors.163.com%2fcygwin%2f/x86/release/run/run-1.3.4-2.tar.xz
2022/11/16 19:03:37 Extracting from file://D:\Cygwin/https%3a%2f%2fmirrors.163.com%2fcygwin%2f/x86/release/mintty/mintty-3.6.2-1.tar.xz
2022/11/16 19:03:37 Extracting from file://D:\Cygwin/https%3a%2f%2fmirrors.163.com%2fcygwin%2f/x86/release/login/login-1.13-1.tar.xz
2022/11/16 19:03:37 Extracting from file://D:\Cygwin/https%3a%2f%2fmirrors.163.com%2fcygwin%2f/x86/release/libsigsegv/libsigsegv2/libsigsegv2-2.10-2.tar.xz
2022/11/16 19:03:37 Extracting from file://D:\Cygwin/https%3a%2f%2fmirrors.163.com%2fcygwin%2f/x86/release/libpipeline/libpipeline1/libpipeline1-1.5.6-1.tar.xz
2022/11/16 19:03:37 Extracting from file://D:\Cygwin/https%3a%2f%2fmirrors.163.com%2fcygwin%2f/x86/release/pcre2/libpcre2_8_0/libpcre2_8_0-10.40-1.tar.zst
2022/11/16 19:03:37 Extracting from file://D:\Cygwin/https%3a%2f%2fmirrors.163.com%2fcygwin%2f/x86/release/xz/liblzma5/liblzma5-5.2.7-1.tar.zst
2022/11/16 19:03:37 Extracting from file://D:\Cygwin/https%3a%2f%2fmirrors.163.com%2fcygwin%2f/x86/release/lz4/liblz4_1/liblz4_1-1.9.4-1.tar.xz
2022/11/16 19:03:37 Extracting from file://D:\Cygwin/https%3a%2f%2fmirrors.163.com%2fcygwin%2f/x86/release/libiconv/libiconv2/libiconv2-1.17-1.tar.xz
2022/11/16 19:03:37 Extracting from file://D:\Cygwin/https%3a%2f%2fmirrors.163.com%2fcygwin%2f/x86/release/gmp/libgmp10/libgmp10-6.2.1-2.tar.zst
2022/11/16 19:03:37 Extracting from file://D:\Cygwin/https%3a%2f%2fmirrors.163.com%2fcygwin%2f/x86/release/gcc/libgcc1/libgcc1-11.3.0-1.tar.zst
2022/11/16 19:03:37 Extracting from file://D:\Cygwin/https%3a%2f%2fmirrors.163.com%2fcygwin%2f/x86/release/libffi/libffi6/libffi6-3.2.1-1.tar.xz
2022/11/16 19:03:37 Extracting from file://D:\Cygwin/https%3a%2f%2fmirrors.163.com%2fcygwin%2f/x86/release/bzip2/libbz2_1/libbz2_1-1.0.8-1.tar.xz
2022/11/16 19:03:37 Extracting from file://D:\Cygwin/https%3a%2f%2fmirrors.163.com%2fcygwin%2f/x86/release/libargp/libargp-20110921-3.tar.xz
2022/11/16 19:03:37 Extracting from file://D:\Cygwin/https%3a%2f%2fmirrors.163.com%2fcygwin%2f/x86/release/ipc-utils/ipc-utils-1.0-1.tar.bz2
2022/11/16 19:03:37 Extracting from file://D:\Cygwin/https%3a%2f%2fmirrors.163.com%2fcygwin%2f/x86/release/hostname/hostname-3.13-1.tar.bz2
2022/11/16 19:03:37 Extracting from file://D:\Cygwin/https%3a%2f%2fmirrors.163.com%2fcygwin%2f/x86/release/editrights/editrights-1.03-1.tar.xz
2022/11/16 19:03:37 Extracting from file://D:\Cygwin/https%3a%2f%2fmirrors.163.com%2fcygwin%2f/x86/release/dash/dash-0.5.11.5-1.tar.xz
2022/11/16 19:03:37 Extracting from file://D:\Cygwin/https%3a%2f%2fmirrors.163.com%2fcygwin%2f/x86/release/ncurses/terminfo-extra/terminfo-extra-6.1-1.20190727.tar.xz
2022/11/16 19:03:43 Extracting from file://D:\Cygwin/https%3a%2f%2fmirrors.163.com%2fcygwin%2f/x86/release/brotli/libbrotlidec1/libbrotlidec1-1.0.9-2.tar.xz
2022/11/16 19:03:43 Extracting from file://D:\Cygwin/https%3a%2f%2fmirrors.163.com%2fcygwin%2f/x86/release/gettext/libintl8/libintl8-0.21.1-1.tar.xz
2022/11/16 19:03:43 Extracting from file://D:\Cygwin/https%3a%2f%2fmirrors.163.com%2fcygwin%2f/x86/release/nghttp2/libnghttp2_14/libnghttp2_14-1.51.0-1.tar.xz
2022/11/16 19:03:43 Extracting from file://D:\Cygwin/https%3a%2f%2fmirrors.163.com%2fcygwin%2f/x86/release/e2fsprogs/libcom_err2/libcom_err2-1.44.5-1.tar.xz
2022/11/16 19:03:43 Extracting from file://D:\Cygwin/https%3a%2f%2fmirrors.163.com%2fcygwin%2f/x86/release/zstd/libzstd1/libzstd1-1.5.2-1.tar.zst
2022/11/16 19:03:43 Extracting from file://D:\Cygwin/https%3a%2f%2fmirrors.163.com%2fcygwin%2f/x86/release/libunistring/libunistring2/libunistring2-0.9.10-1.tar.xz
2022/11/16 19:03:43 Extracting from file://D:\Cygwin/https%3a%2f%2fmirrors.163.com%2fcygwin%2f/x86/release/libgc/libgc1/libgc1-8.0.6-1.tar.xz
2022/11/16 19:03:43 Extracting from file://D:\Cygwin/https%3a%2f%2fmirrors.163.com%2fcygwin%2f/x86/release/libxcrypt/libcrypt2/libcrypt2-4.4.20-1.tar.xz
2022/11/16 19:03:43 Extracting from file://D:\Cygwin/https%3a%2f%2fmirrors.163.com%2fcygwin%2f/x86/release/zlib/zlib0/zlib0-1.2.13-1.tar.zst
2022/11/16 19:03:43 Extracting from file://D:\Cygwin/https%3a%2f%2fmirrors.163.com%2fcygwin%2f/x86/release/libtasn1/libtasn1_6/libtasn1_6-4.14-1.tar.xz
2022/11/16 19:03:43 Extracting from file://D:\Cygwin/https%3a%2f%2fmirrors.163.com%2fcygwin%2f/x86/release/gcc/libstdc++6/libstdc++6-11.3.0-1.tar.zst
2022/11/16 19:03:43 Extracting from file://D:\Cygwin/https%3a%2f%2fmirrors.163.com%2fcygwin%2f/x86/release/mpfr/libmpfr6/libmpfr6-4.1.0-2.tar.zst
2022/11/16 19:03:43 Extracting from file://D:\Cygwin/https%3a%2f%2fmirrors.163.com%2fcygwin%2f/x86/release/getent/getent-2.18.90-4.tar.xz
2022/11/16 19:03:43 Extracting from file://D:\Cygwin/https%3a%2f%2fmirrors.163.com%2fcygwin%2f/noarch/release/_autorebase/_autorebase-001091-1.tar.zst
2022/11/16 19:03:43 Extracting from file://D:\Cygwin/https%3a%2f%2fmirrors.163.com%2fcygwin%2f/x86/release/ncurses/libncursesw10/libncursesw10-6.1-1.20190727.tar.xz
2022/11/16 19:03:43 Extracting from file://D:\Cygwin/https%3a%2f%2fmirrors.163.com%2fcygwin%2f/x86/release/libidn/libidn12/libidn12-1.41-1.tar.xz
2022/11/16 19:03:43 Extracting from file://D:\Cygwin/https%3a%2f%2fmirrors.163.com%2fcygwin%2f/x86/release/libidn2/libidn2_0/libidn2_0-2.3.4-1.tar.xz
2022/11/16 19:03:43 Extracting from file://D:\Cygwin/https%3a%2f%2fmirrors.163.com%2fcygwin%2f/x86/release/krb5/libkrb5support0/libkrb5support0-1.15.2-2.tar.xz
2022/11/16 19:03:43 Extracting from file://D:\Cygwin/https%3a%2f%2fmirrors.163.com%2fcygwin%2f/x86/release/sed/sed-4.9-1.tar.xz
2022/11/16 19:03:43 Extracting from file://D:\Cygwin/https%3a%2f%2fmirrors.163.com%2fcygwin%2f/x86/release/util-linux/libuuid1/libuuid1-2.33.1-2.tar.xz
2022/11/16 19:03:43 Extracting from file://D:\Cygwin/https%3a%2f%2fmirrors.163.com%2fcygwin%2f/x86/release/util-linux/libsmartcols1/libsmartcols1-2.33.1-2.tar.xz
2022/11/16 19:03:43 Extracting from file://D:\Cygwin/https%3a%2f%2fmirrors.163.com%2fcygwin%2f/x86/release/popt/libpopt0/libpopt0-1.18-1.tar.xz
2022/11/16 19:03:43 Extracting from file://D:\Cygwin/https%3a%2f%2fmirrors.163.com%2fcygwin%2f/x86/release/p11-kit/libp11-kit0/libp11-kit0-0.23.20-1.tar.xz
2022/11/16 19:03:43 Extracting from file://D:\Cygwin/https%3a%2f%2fmirrors.163.com%2fcygwin%2f/x86/release/gdbm/libgdbm6/libgdbm6-1.18.1-1.tar.xz
2022/11/16 19:03:43 Extracting from file://D:\Cygwin/https%3a%2f%2fmirrors.163.com%2fcygwin%2f/x86/release/attr/libattr1/libattr1-2.4.48-2.tar.xz
2022/11/16 19:03:43 Extracting from file://D:\Cygwin/https%3a%2f%2fmirrors.163.com%2fcygwin%2f/x86/release/diffutils/diffutils-3.8-1.tar.xz
2022/11/16 19:03:44 Extracting from file://D:\Cygwin/https%3a%2f%2fmirrors.163.com%2fcygwin%2f/x86/release/alternatives/alternatives-1.3.30c-10.tar.bz2
2022/11/16 19:03:44 Extracting from file://D:\Cygwin/https%3a%2f%2fmirrors.163.com%2fcygwin%2f/x86/release/perl/perl_base/perl_base-5.32.1-2.tar.zst
2022/11/16 19:03:44 Extracting from file://D:\Cygwin/https%3a%2f%2fmirrors.163.com%2fcygwin%2f/x86/release/file/file-5.41-2.tar.xz
2022/11/16 19:03:45 Extracting from file://D:\Cygwin/https%3a%2f%2fmirrors.163.com%2fcygwin%2f/x86/release/db/libdb5.3/libdb5.3-5.3.28-2.tar.xz
2022/11/16 19:03:45 Extracting from file://D:\Cygwin/https%3a%2f%2fmirrors.163.com%2fcygwin%2f/x86/release/libedit/libedit0/libedit0-20130712-1.tar.xz
2022/11/16 19:03:45 Extracting from file://D:\Cygwin/https%3a%2f%2fmirrors.163.com%2fcygwin%2f/x86/release/vim/vim-minimal/vim-minimal-8.2.4372-1.tar.xz
2022/11/16 19:03:45 Extracting from file://D:\Cygwin/https%3a%2f%2fmirrors.163.com%2fcygwin%2f/x86/release/ncurses/ncurses-6.1-1.20190727.tar.xz
2022/11/16 19:03:45 Extracting from file://D:\Cygwin/https%3a%2f%2fmirrors.163.com%2fcygwin%2f/x86/release/readline/libreadline7/libreadline7-8.1-2.tar.xz
2022/11/16 19:03:45 Extracting from file://D:\Cygwin/https%3a%2f%2fmirrors.163.com%2fcygwin%2f/x86/release/less/less-590-1.tar.xz
2022/11/16 19:03:45 Extracting from file://D:\Cygwin/https%3a%2f%2fmirrors.163.com%2fcygwin%2f/x86/release/texinfo/info/info-6.8-2.tar.xz
2022/11/16 19:03:46 Extracting from file://D:\Cygwin/https%3a%2f%2fmirrors.163.com%2fcygwin%2f/x86/release/libpsl/libpsl5/libpsl5-0.21.1-1.tar.xz
2022/11/16 19:03:46 Extracting from file://D:\Cygwin/https%3a%2f%2fmirrors.163.com%2fcygwin%2f/x86/release/krb5/libk5crypto3/libk5crypto3-1.15.2-2.tar.xz
2022/11/16 19:03:46 Extracting from file://D:\Cygwin/https%3a%2f%2fmirrors.163.com%2fcygwin%2f/x86/release/util-linux/libblkid1/libblkid1-2.33.1-2.tar.xz
2022/11/16 19:03:46 Extracting from file://D:\Cygwin/https%3a%2f%2fmirrors.163.com%2fcygwin%2f/x86/release/cygutils/cygutils-1.4.17-1.tar.xz
2022/11/16 19:03:46 Extracting from file://D:\Cygwin/https%3a%2f%2fmirrors.163.com%2fcygwin%2f/x86/release/p11-kit/p11-kit-trust/p11-kit-trust-0.23.20-1.tar.xz
2022/11/16 19:03:46 Extracting from file://D:\Cygwin/https%3a%2f%2fmirrors.163.com%2fcygwin%2f/x86/release/p11-kit/p11-kit-0.23.20-1.tar.xz
2022/11/16 19:03:46 Extracting from file://D:\Cygwin/https%3a%2f%2fmirrors.163.com%2fcygwin%2f/x86/release/perl/perl_autorebase/perl_autorebase-5.32.1-2.tar.zst
2022/11/16 19:03:46 Extracting from file://D:\Cygwin/https%3a%2f%2fmirrors.163.com%2fcygwin%2f/x86/release/guile2.2/libguile2.2_1/libguile2.2_1-2.2.7-1.tar.xz
2022/11/16 19:03:49 Extracting from file://D:\Cygwin/https%3a%2f%2fmirrors.163.com%2fcygwin%2f/x86/release/gawk/gawk-5.1.1-1.tar.xz
2022/11/16 19:03:50 Extracting from file://D:\Cygwin/https%3a%2f%2fmirrors.163.com%2fcygwin%2f/x86/release/coreutils/coreutils-9.0-1.tar.xz
2022/11/16 19:03:51 Extracting from file://D:\Cygwin/https%3a%2f%2fmirrors.163.com%2fcygwin%2f/x86/release/krb5/libkrb5_3/libkrb5_3-1.15.2-2.tar.xz
2022/11/16 19:03:51 Extracting from file://D:\Cygwin/https%3a%2f%2fmirrors.163.com%2fcygwin%2f/x86/release/util-linux/libfdisk1/libfdisk1-2.33.1-2.tar.xz
2022/11/16 19:03:51 Extracting from file://D:\Cygwin/https%3a%2f%2fmirrors.163.com%2fcygwin%2f/x86/release/perl-TermReadKey/perl-TermReadKey-2.38-3.tar.zst
2022/11/16 19:03:51 Extracting from file://D:\Cygwin/https%3a%2f%2fmirrors.163.com%2fcygwin%2f/noarch/release/perl-Error/perl-Error-0.17029-2.tar.zst
2022/11/16 19:03:51 Extracting from file://D:\Cygwin/https%3a%2f%2fmirrors.163.com%2fcygwin%2f/x86/release/make/make-4.3-1.tar.xz
2022/11/16 19:03:51 Extracting from file://D:\Cygwin/https%3a%2f%2fmirrors.163.com%2fcygwin%2f/x86/release/bash/bash-4.4.12-3.tar.xz
2022/11/16 19:03:52 Extracting from file://D:\Cygwin/https%3a%2f%2fmirrors.163.com%2fcygwin%2f/x86/release/krb5/libgssapi_krb5_2/libgssapi_krb5_2-1.15.2-2.tar.xz
2022/11/16 19:03:52 Extracting from file://D:\Cygwin/https%3a%2f%2fmirrors.163.com%2fcygwin%2f/x86/release/util-linux/util-linux-2.33.1-2.tar.xz
2022/11/16 19:03:53 Extracting from file://D:\Cygwin/https%3a%2f%2fmirrors.163.com%2fcygwin%2f/x86/release/tzcode/tzcode-2022e-1.tar.xz
2022/11/16 19:03:53 Extracting from file://D:\Cygwin/https%3a%2f%2fmirrors.163.com%2fcygwin%2f/x86/release/gsasl/libgsasl7/libgsasl7-1.10.0-1.tar.xz
2022/11/16 19:03:53 Extracting from file://D:\Cygwin/https%3a%2f%2fmirrors.163.com%2fcygwin%2f/x86/release/zstd/zstd-1.5.2-1.tar.zst
2022/11/16 19:03:53 Extracting from file://D:\Cygwin/https%3a%2f%2fmirrors.163.com%2fcygwin%2f/x86/release/xz/xz-5.2.7-1.tar.zst
2022/11/16 19:03:53 Extracting from file://D:\Cygwin/https%3a%2f%2fmirrors.163.com%2fcygwin%2f/x86/release/gzip/gzip-1.12-1.tar.xz
2022/11/16 19:03:53 Extracting from file://D:\Cygwin/https%3a%2f%2fmirrors.163.com%2fcygwin%2f/x86/release/groff/groff-1.22.4-1.tar.xz
2022/11/16 19:03:56 Extracting from file://D:\Cygwin/https%3a%2f%2fmirrors.163.com%2fcygwin%2f/x86/release/grep/grep-3.8-2.tar.xz
2022/11/16 19:03:56 Extracting from file://D:\Cygwin/https%3a%2f%2fmirrors.163.com%2fcygwin%2f/x86/release/findutils/findutils-4.9.0-1.tar.xz
2022/11/16 19:03:57 Extracting from file://D:\Cygwin/https%3a%2f%2fmirrors.163.com%2fcygwin%2f/noarch/release/crypto-policies/crypto-policies-20190218-1.tar.xz
2022/11/16 19:03:57 Extracting from file://D:\Cygwin/https%3a%2f%2fmirrors.163.com%2fcygwin%2f/noarch/release/ca-certificates/ca-certificates-2022.2.54-3.tar.zst
2022/11/16 19:03:57 Extracting from file://D:\Cygwin/https%3a%2f%2fmirrors.163.com%2fcygwin%2f/x86/release/bzip2/bzip2-1.0.8-1.tar.xz
2022/11/16 19:03:57 Extracting from file://D:\Cygwin/https%3a%2f%2fmirrors.163.com%2fcygwin%2f/x86/release/man-db/man-db-2.11.0-1.tar.zst
2022/11/16 19:03:58 Extracting from file://D:\Cygwin/https%3a%2f%2fmirrors.163.com%2fcygwin%2f/x86/release/csih/csih-0.9.11-1.tar.xz
2022/11/16 19:03:58 Extracting from file://D:\Cygwin/https%3a%2f%2fmirrors.163.com%2fcygwin%2f/noarch/release/base-files/base-files-4.3-3.tar.zst
2022/11/16 19:03:58 Extracting from file://D:\Cygwin/https%3a%2f%2fmirrors.163.com%2fcygwin%2f/x86/release/openssl/libssl1.1/libssl1.1-1.1.1s-1.tar.zst
2022/11/16 19:03:58 Extracting from file://D:\Cygwin/https%3a%2f%2fmirrors.163.com%2fcygwin%2f/x86/release/tar/tar-1.34-1.tar.zst
2022/11/16 19:03:58 Extracting from file://D:\Cygwin/https%3a%2f%2fmirrors.163.com%2fcygwin%2f/x86/release/cyrus-sasl/libsasl2_3/libsasl2_3-2.1.27-1.tar.xz
2022/11/16 19:03:58 Extracting from file://D:\Cygwin/https%3a%2f%2fmirrors.163.com%2fcygwin%2f/x86/release/libssh2/libssh2_1/libssh2_1-1.10.0-1.tar.xz
2022/11/16 19:03:58 Extracting from file://D:\Cygwin/https%3a%2f%2fmirrors.163.com%2fcygwin%2f/x86/release/libfido2/libfido2-1.11.0-1.tar.xz
2022/11/16 19:03:58 Extracting from file://D:\Cygwin/https%3a%2f%2fmirrors.163.com%2fcygwin%2f/x86/release/rsync/rsync-3.2.3+20200903+git9f9240b-4.tar.xz
2022/11/16 19:03:59 Extracting from file://D:\Cygwin/https%3a%2f%2fmirrors.163.com%2fcygwin%2f/x86/release/openssl/openssl-1.1.1s-1.tar.zst
2022/11/16 19:03:59 Extracting from file://D:\Cygwin/https%3a%2f%2fmirrors.163.com%2fcygwin%2f/x86/release/openldap/libopenldap2/libopenldap2-2.6.3-1.tar.zst
2022/11/16 19:03:59 Extracting from file://D:\Cygwin/https%3a%2f%2fmirrors.163.com%2fcygwin%2f/x86/release/openssh/openssh-9.1p1-1.tar.xz
2022/11/16 19:04:00 Extracting from file://D:\Cygwin/https%3a%2f%2fmirrors.163.com%2fcygwin%2f/x86/release/openldap/libopenldap2_4_2/libopenldap2_4_2-2.6.3-1.tar.zst
2022/11/16 19:04:00 Extracting from file://D:\Cygwin/https%3a%2f%2fmirrors.163.com%2fcygwin%2f/x86/release/curl/libcurl4/libcurl4-7.85.0-1.tar.xz
2022/11/16 19:04:00 Extracting from file://D:\Cygwin/https%3a%2f%2fmirrors.163.com%2fcygwin%2f/x86/release/git/git-2.38.1-1.tar.xz
2022/11/16 19:04:05 Changing gid back to original
2022/11/16 19:04:05 running: D:\Cygwin\bin\dash.exe "/etc/postinstall/0p_000_autorebase.dash"
2022/11/16 19:04:11 running: D:\Cygwin\bin\dash.exe "/etc/postinstall/0p_update-info-dir.dash"
2022/11/16 19:04:15 running: D:\Cygwin\bin\bash.exe --norc --noprofile "/etc/postinstall/000-cygwin-post-install.sh"
2022/11/16 19:04:15 running: D:\Cygwin\bin\bash.exe --norc --noprofile "/etc/postinstall/coreutils.sh"
2022/11/16 19:04:16 running: D:\Cygwin\bin\bash.exe --norc --noprofile "/etc/postinstall/bash.sh"
2022/11/16 19:04:17 running: D:\Cygwin\bin\bash.exe --norc --noprofile "/etc/postinstall/base-files-mketc.sh"
2022/11/16 19:04:18 running: D:\Cygwin\bin\bash.exe --norc --noprofile "/etc/postinstall/base-files-profile.sh"
2022/11/16 19:04:20 running: D:\Cygwin\bin\bash.exe --norc --noprofile "/etc/postinstall/p11-kit.sh"
2022/11/16 19:04:21 running: D:\Cygwin\bin\bash.exe --norc --noprofile "/etc/postinstall/ca-certificates.sh"
2022/11/16 19:04:24 running: D:\Cygwin\bin\bash.exe --norc --noprofile "/etc/postinstall/crypto-policies.sh"
2022/11/16 19:04:31 running: D:\Cygwin\bin\bash.exe --norc --noprofile "/etc/postinstall/openssl.sh"
2022/11/16 19:04:31 running: D:\Cygwin\bin\bash.exe --norc --noprofile "/etc/postinstall/libsasl2_3.sh"
2022/11/16 19:04:32 running: D:\Cygwin\bin\bash.exe --norc --noprofile "/etc/postinstall/man-db.sh"
2022/11/16 19:04:32 running: D:\Cygwin\bin\bash.exe --norc --noprofile "/etc/postinstall/mintty.sh"
2022/11/16 19:04:32 running: D:\Cygwin\bin\bash.exe --norc --noprofile "/etc/postinstall/openssh.sh"
2022/11/16 19:04:32 running: D:\Cygwin\bin\dash.exe "/etc/postinstall/zp_man-db-update-index.dash"
2022/11/16 19:04:33 Changing gid to Administrators
2022/11/16 19:04:50 note: Installation Complete
2022/11/16 19:04:50 Ending cygwin install
2022/11/16 19:05:44 Starting cygwin install, version 2.919
2022/11/16 19:05:44 mbox : Cygwin support for 32-bit Windows is deprecated, and will be removed in the next major version
2022/11/16 19:05:45 User has backup/restore rights
2022/11/16 19:05:45 User has symlink creation right
2022/11/16 19:05:45 Current Directory: D:\Cygwin
2022/11/16 19:05:49 source: network install
2022/11/16 19:05:51 root: D:\Cygwin system
2022/11/16 19:05:51 Selected local directory: D:\Cygwin
2022/11/16 19:05:53 net: Preconfig
2022/11/16 19:05:54 mbox : Are you sure you want to exit setup? Any current download or installation will be aborted.
2022/11/16 19:05:58 mbox : Are you sure you want to exit setup? Any current download or installation will be aborted.
2022/11/16 19:05:59 Ending cygwin install
2022/11/16 20:40:57 Starting cygwin install, version 2.919
2022/11/16 20:40:57 mbox : Cygwin support for 32-bit Windows is deprecated, and will be removed in the next major version
2022/11/16 20:40:59 User has backup/restore rights
2022/11/16 20:40:59 User has symlink creation right
2022/11/16 20:40:59 Current Directory: D:\Cygwin
2022/11/16 20:41:01 source: network install
2022/11/16 20:41:03 root: D:\Cygwin system
2022/11/16 20:41:03 Selected local directory: D:\Cygwin
2022/11/16 20:41:04 net: Preconfig
2022/11/16 20:41:07 site: https://mirrors.163.com/cygwin/
2022/11/16 20:41:09 solving: 0 tasks, update: yes, use test packages: no
2022/11/16 20:41:51 solving: 0 tasks, update: no, use test packages: no
2022/11/16 20:41:51 Augmented Transaction List: is empty
2022/11/16 20:41:53 Changing gid back to original
2022/11/16 20:41:53 running: D:\Cygwin\bin\dash.exe "/etc/postinstall/0p_000_autorebase.dash"
2022/11/16 20:41:58 running: D:\Cygwin\bin\dash.exe "/etc/postinstall/0p_update-info-dir.dash"
2022/11/16 20:41:58 running: D:\Cygwin\bin\dash.exe "/etc/postinstall/zp_man-db-update-index.dash"
2022/11/16 20:41:59 Changing gid to Administrators
2022/11/16 20:42:02 note: Nothing needed to be installed
2022/11/16 20:42:02 Ending cygwin install
2022/11/17 09:15:17 Starting cygwin install, version 2.919
2022/11/17 09:15:17 mbox : Cygwin support for 32-bit Windows is deprecated, and will be removed in the next major version
2022/11/17 09:17:38 User has backup/restore rights
2022/11/17 09:17:38 User has symlink creation right
2022/11/17 09:17:38 Current Directory: D:\Cygwin
2022/11/17 09:17:40 source: network install
2022/11/17 09:17:42 root: D:\Cygwin system
2022/11/17 09:17:42 Selected local directory: D:\Cygwin
2022/11/17 09:17:43 net: Preconfig
2022/11/17 09:17:46 Dropped selected mirror: https://mirrors.163.com/cygwin/
2022/11/17 09:17:52 Adding dropped mirrors to cache to warn again.
2022/11/17 09:17:52 site: https://mirrors.163.com/cygwin/
2022/11/17 09:19:24 solving: 0 tasks, update: yes, use test packages: no
2022/11/17 09:20:32 solving: 1 tasks, update: no, use test packages: no
2022/11/17 09:20:32 Augmented Transaction List:
2022/11/17 09:20:32    0 install libisl23                 0.25-1   
2022/11/17 09:20:32    1 install libmpc3                  1.2.1-2  
2022/11/17 09:20:32    2 install binutils                 2.39-1   
2022/11/17 09:20:32    3 install cygwin-devel             3.3.6-1  
2022/11/17 09:20:32    4 install libatomic1               11.3.0-1 
2022/11/17 09:20:32    5 install libgomp1                 11.3.0-1 
2022/11/17 09:20:32    6 install libquadmath0             11.3.0-1 
2022/11/17 09:20:32    7 install w32api-headers           10.0.0-1 
2022/11/17 09:20:32    8 install windows-default-manifest 6.4-1    
2022/11/17 09:20:32    9 install w32api-runtime           10.0.0-1 
2022/11/17 09:20:32   10 install gcc-core                 11.3.0-1 
2022/11/17 09:20:32   11 install gcc-g++                  11.3.0-1 
2022/11/17 09:20:52 Downloaded D:\Cygwin/https%3a%2f%2fmirrors.163.com%2fcygwin%2f/x86/release/isl/libisl23/libisl23-0.25-1.tar.zst
2022/11/17 09:20:55 Downloaded D:\Cygwin/https%3a%2f%2fmirrors.163.com%2fcygwin%2f/x86/release/mpclib/libmpc3/libmpc3-1.2.1-2.tar.zst
2022/11/17 09:25:11 Downloaded D:\Cygwin/https%3a%2f%2fmirrors.163.com%2fcygwin%2f/x86/release/binutils/binutils-2.39-1.tar.zst
2022/11/17 09:25:23 Downloaded D:\Cygwin/https%3a%2f%2fmirrors.163.com%2fcygwin%2f/x86/release/cygwin/cygwin-devel/cygwin-devel-3.3.6-1.tar.xz
2022/11/17 09:25:24 Downloaded D:\Cygwin/https%3a%2f%2fmirrors.163.com%2fcygwin%2f/x86/release/gcc/libatomic1/libatomic1-11.3.0-1.tar.zst
2022/11/17 09:25:27 Downloaded D:\Cygwin/https%3a%2f%2fmirrors.163.com%2fcygwin%2f/x86/release/gcc/libgomp1/libgomp1-11.3.0-1.tar.zst
2022/11/17 09:25:35 Downloaded D:\Cygwin/https%3a%2f%2fmirrors.163.com%2fcygwin%2f/x86/release/gcc/libquadmath0/libquadmath0-11.3.0-1.tar.zst
2022/11/17 09:27:47 Downloaded D:\Cygwin/https%3a%2f%2fmirrors.163.com%2fcygwin%2f/x86/release/w32api-headers/w32api-headers-10.0.0-1.tar.xz
2022/11/17 09:27:49 Downloaded D:\Cygwin/https%3a%2f%2fmirrors.163.com%2fcygwin%2f/x86/release/windows-default-manifest/windows-default-manifest-6.4-1.tar.xz
2022/11/17 09:28:22 Downloaded D:\Cygwin/https%3a%2f%2fmirrors.163.com%2fcygwin%2f/x86/release/w32api-runtime/w32api-runtime-10.0.0-1.tar.xz
2022/11/17 09:46:26 Downloaded D:\Cygwin/https%3a%2f%2fmirrors.163.com%2fcygwin%2f/x86/release/gcc/gcc-core/gcc-core-11.3.0-1.tar.zst
2022/11/17 09:55:20 Downloaded D:\Cygwin/https%3a%2f%2fmirrors.163.com%2fcygwin%2f/x86/release/gcc/gcc-g++/gcc-g++-11.3.0-1.tar.zst
2022/11/17 09:55:20 Extracting from file://D:\Cygwin/https%3a%2f%2fmirrors.163.com%2fcygwin%2f/x86/release/isl/libisl23/libisl23-0.25-1.tar.zst
2022/11/17 09:55:20 Extracting from file://D:\Cygwin/https%3a%2f%2fmirrors.163.com%2fcygwin%2f/x86/release/mpclib/libmpc3/libmpc3-1.2.1-2.tar.zst
2022/11/17 09:55:20 Extracting from file://D:\Cygwin/https%3a%2f%2fmirrors.163.com%2fcygwin%2f/x86/release/binutils/binutils-2.39-1.tar.zst
2022/11/17 09:55:20 Extracting from file://D:\Cygwin/https%3a%2f%2fmirrors.163.com%2fcygwin%2f/x86/release/cygwin/cygwin-devel/cygwin-devel-3.3.6-1.tar.xz
2022/11/17 09:55:21 Extracting from file://D:\Cygwin/https%3a%2f%2fmirrors.163.com%2fcygwin%2f/x86/release/gcc/libatomic1/libatomic1-11.3.0-1.tar.zst
2022/11/17 09:55:21 Extracting from file://D:\Cygwin/https%3a%2f%2fmirrors.163.com%2fcygwin%2f/x86/release/gcc/libgomp1/libgomp1-11.3.0-1.tar.zst
2022/11/17 09:55:21 Extracting from file://D:\Cygwin/https%3a%2f%2fmirrors.163.com%2fcygwin%2f/x86/release/gcc/libquadmath0/libquadmath0-11.3.0-1.tar.zst
2022/11/17 09:55:21 Extracting from file://D:\Cygwin/https%3a%2f%2fmirrors.163.com%2fcygwin%2f/x86/release/w32api-headers/w32api-headers-10.0.0-1.tar.xz
2022/11/17 09:55:23 Extracting from file://D:\Cygwin/https%3a%2f%2fmirrors.163.com%2fcygwin%2f/x86/release/windows-default-manifest/windows-default-manifest-6.4-1.tar.xz
2022/11/17 09:55:23 Extracting from file://D:\Cygwin/https%3a%2f%2fmirrors.163.com%2fcygwin%2f/x86/release/w32api-runtime/w32api-runtime-10.0.0-1.tar.xz
2022/11/17 09:55:24 Extracting from file://D:\Cygwin/https%3a%2f%2fmirrors.163.com%2fcygwin%2f/x86/release/gcc/gcc-core/gcc-core-11.3.0-1.tar.zst
2022/11/17 09:55:25 Extracting from file://D:\Cygwin/https%3a%2f%2fmirrors.163.com%2fcygwin%2f/x86/release/gcc/gcc-g++/gcc-g++-11.3.0-1.tar.zst
2022/11/17 09:55:28 Changing gid back to original
2022/11/17 09:55:28 running: D:\Cygwin\bin\dash.exe "/etc/postinstall/0p_000_autorebase.dash"
2022/11/17 09:55:38 running: D:\Cygwin\bin\dash.exe "/etc/postinstall/0p_update-info-dir.dash"
2022/11/17 09:55:43 running: D:\Cygwin\bin\dash.exe "/etc/postinstall/zp_man-db-update-index.dash"
2022/11/17 09:55:44 Changing gid to Administrators
2022/11/17 09:56:02 note: Installation Complete
2022/11/17 09:56:02 Ending cygwin install
2022/11/17 10:05:40 Starting cygwin install, version 2.919
2022/11/17 10:05:40 mbox : Cygwin support for 32-bit Windows is deprecated, and will be removed in the next major version
2022/11/17 10:05:41 User has backup/restore rights
2022/11/17 10:05:41 User has symlink creation right
2022/11/17 10:05:41 Current Directory: D:\Cygwin
2022/11/17 10:05:43 source: network install
2022/11/17 10:05:43 root: D:\Cygwin system
2022/11/17 10:05:44 Selected local directory: D:\Cygwin
2022/11/17 10:05:45 net: Preconfig
2022/11/17 10:05:47 Dropped selected mirror: https://mirrors.163.com/cygwin/
2022/11/17 10:05:48 Adding dropped mirrors to cache to warn again.
2022/11/17 10:05:48 site: https://mirrors.163.com/cygwin/
2022/11/17 10:05:50 solving: 0 tasks, update: yes, use test packages: no
2022/11/17 10:08:01 solving: 3 tasks, update: no, use test packages: no
2022/11/17 10:08:01 Augmented Transaction List:
2022/11/17 10:08:01    0 install flex             2.6.4-2 
2022/11/17 10:08:01    1 install flexdll          0.39-1  
2022/11/17 10:08:01    2 install cygwin-debuginfo 3.3.6-1 
2022/11/17 10:08:01    3 install flex-debuginfo   2.6.4-2 
2022/11/17 10:08:12 Downloaded D:\Cygwin/https%3a%2f%2fmirrors.163.com%2fcygwin%2f/x86/release/flex/flex-2.6.4-2.tar.xz
2022/11/17 10:08:26 Downloaded D:\Cygwin/https%3a%2f%2fmirrors.163.com%2fcygwin%2f/x86/release/flexdll/flexdll-0.39-1.tar.xz
2022/11/17 10:12:28 Downloaded D:\Cygwin/https%3a%2f%2fmirrors.163.com%2fcygwin%2f/x86/release/cygwin/cygwin-debuginfo/cygwin-debuginfo-3.3.6-1.tar.xz
2022/11/17 10:12:33 Downloaded D:\Cygwin/https%3a%2f%2fmirrors.163.com%2fcygwin%2f/x86/release/flex/flex-debuginfo/flex-debuginfo-2.6.4-2.tar.xz
2022/11/17 10:12:33 Extracting from file://D:\Cygwin/https%3a%2f%2fmirrors.163.com%2fcygwin%2f/x86/release/flex/flex-2.6.4-2.tar.xz
2022/11/17 10:12:33 Extracting from file://D:\Cygwin/https%3a%2f%2fmirrors.163.com%2fcygwin%2f/x86/release/flexdll/flexdll-0.39-1.tar.xz
2022/11/17 10:12:33 Extracting from file://D:\Cygwin/https%3a%2f%2fmirrors.163.com%2fcygwin%2f/x86/release/cygwin/cygwin-debuginfo/cygwin-debuginfo-3.3.6-1.tar.xz
2022/11/17 10:12:36 Extracting from file://D:\Cygwin/https%3a%2f%2fmirrors.163.com%2fcygwin%2f/x86/release/flex/flex-debuginfo/flex-debuginfo-2.6.4-2.tar.xz
2022/11/17 10:12:36 Changing gid back to original
2022/11/17 10:12:36 running: D:\Cygwin\bin\dash.exe "/etc/postinstall/0p_000_autorebase.dash"
2022/11/17 10:12:39 running: D:\Cygwin\bin\dash.exe "/etc/postinstall/0p_update-info-dir.dash"
2022/11/17 10:12:44 running: D:\Cygwin\bin\dash.exe "/etc/postinstall/zp_man-db-update-index.dash"
2022/11/17 10:12:44 Changing gid to Administrators
2022/11/17 10:12:46 note: Installation Complete
2022/11/17 10:12:46 Ending cygwin install
2022/11/17 10:14:07 Starting cygwin install, version 2.919
2022/11/17 10:14:07 mbox : Cygwin support for 32-bit Windows is deprecated, and will be removed in the next major version
2022/11/17 10:14:08 User has backup/restore rights
2022/11/17 10:14:08 User has symlink creation right
2022/11/17 10:14:08 Current Directory: D:\Cygwin
2022/11/17 10:14:10 source: network install
2022/11/17 10:14:10 root: D:\Cygwin system
2022/11/17 10:14:11 Selected local directory: D:\Cygwin
2022/11/17 10:14:12 net: Preconfig
2022/11/17 10:14:17 Dropped selected mirror: https://mirrors.163.com/cygwin/
2022/11/17 10:14:19 Adding dropped mirrors to cache to warn again.
2022/11/17 10:14:19 site: https://mirrors.163.com/cygwin/
2022/11/17 10:14:23 solving: 0 tasks, update: yes, use test packages: no
2022/11/17 10:15:26 solving: 2 tasks, update: no, use test packages: no
2022/11/17 10:15:26 Augmented Transaction List:
2022/11/17 10:15:26    0 install bison-debuginfo 3.8.2-1  
2022/11/17 10:15:26    1 install m4              1.4.19-1 
2022/11/17 10:15:26    2 install libxml2         2.9.12-2 
2022/11/17 10:15:26    3 install libgpg-error0   1.37-1   
2022/11/17 10:15:26    4 install libgcrypt20     1.10.1-1 
2022/11/17 10:15:26    5 install libxslt         1.1.29-1 
2022/11/17 10:15:26    6 install bison           3.8.2-1  
2022/11/17 10:16:05 Downloaded D:\Cygwin/https%3a%2f%2fmirrors.163.com%2fcygwin%2f/x86/release/bison/bison-debuginfo/bison-debuginfo-3.8.2-1.tar.xz
2022/11/17 10:16:12 Downloaded D:\Cygwin/https%3a%2f%2fmirrors.163.com%2fcygwin%2f/x86/release/m4/m4-1.4.19-1.tar.xz
2022/11/17 10:16:30 Downloaded D:\Cygwin/https%3a%2f%2fmirrors.163.com%2fcygwin%2f/x86/release/libxml2/libxml2-2.9.12-2.tar.xz
2022/11/17 10:17:15 Downloaded D:\Cygwin/https%3a%2f%2fmirrors.163.com%2fcygwin%2f/x86/release/libgpg-error/libgpg-error0/libgpg-error0-1.37-1.tar.xz
2022/11/17 10:17:36 Downloaded D:\Cygwin/https%3a%2f%2fmirrors.163.com%2fcygwin%2f/x86/release/libgcrypt/libgcrypt20/libgcrypt20-1.10.1-1.tar.xz
2022/11/17 10:17:45 Downloaded D:\Cygwin/https%3a%2f%2fmirrors.163.com%2fcygwin%2f/x86/release/libxslt/libxslt-1.1.29-1.tar.xz
2022/11/17 10:18:09 Downloaded D:\Cygwin/https%3a%2f%2fmirrors.163.com%2fcygwin%2f/x86/release/bison/bison-3.8.2-1.tar.xz
2022/11/17 10:18:09 Extracting from file://D:\Cygwin/https%3a%2f%2fmirrors.163.com%2fcygwin%2f/x86/release/bison/bison-debuginfo/bison-debuginfo-3.8.2-1.tar.xz
2022/11/17 10:18:10 Extracting from file://D:\Cygwin/https%3a%2f%2fmirrors.163.com%2fcygwin%2f/x86/release/m4/m4-1.4.19-1.tar.xz
2022/11/17 10:18:10 Extracting from file://D:\Cygwin/https%3a%2f%2fmirrors.163.com%2fcygwin%2f/x86/release/libxml2/libxml2-2.9.12-2.tar.xz
2022/11/17 10:18:10 Extracting from file://D:\Cygwin/https%3a%2f%2fmirrors.163.com%2fcygwin%2f/x86/release/libgpg-error/libgpg-error0/libgpg-error0-1.37-1.tar.xz
2022/11/17 10:18:10 Extracting from file://D:\Cygwin/https%3a%2f%2fmirrors.163.com%2fcygwin%2f/x86/release/libgcrypt/libgcrypt20/libgcrypt20-1.10.1-1.tar.xz
2022/11/17 10:18:10 Extracting from file://D:\Cygwin/https%3a%2f%2fmirrors.163.com%2fcygwin%2f/x86/release/libxslt/libxslt-1.1.29-1.tar.xz
2022/11/17 10:18:10 Extracting from file://D:\Cygwin/https%3a%2f%2fmirrors.163.com%2fcygwin%2f/x86/release/bison/bison-3.8.2-1.tar.xz
2022/11/17 10:18:11 Changing gid back to original
2022/11/17 10:18:11 running: D:\Cygwin\bin\dash.exe "/etc/postinstall/0p_000_autorebase.dash"
2022/11/17 10:18:14 running: D:\Cygwin\bin\dash.exe "/etc/postinstall/0p_update-info-dir.dash"
2022/11/17 10:18:19 running: D:\Cygwin\bin\bash.exe --norc --noprofile "/etc/postinstall/libxml2.sh"
2022/11/17 10:18:19 running: D:\Cygwin\bin\dash.exe "/etc/postinstall/zp_man-db-update-index.dash"
2022/11/17 10:18:19 Changing gid to Administrators
2022/11/17 10:18:32 note: Installation Complete
2022/11/17 10:18:32 Ending cygwin install
2022/11/17 10:19:49 Starting cygwin install, version 2.919
2022/11/17 10:19:49 mbox : Cygwin support for 32-bit Windows is deprecated, and will be removed in the next major version
2022/11/17 10:19:50 User has backup/restore rights
2022/11/17 10:19:50 User has symlink creation right
2022/11/17 10:19:50 Current Directory: D:\Cygwin
2022/11/17 10:19:52 source: network install
2022/11/17 10:19:53 root: D:\Cygwin system
2022/11/17 10:19:53 Selected local directory: D:\Cygwin
2022/11/17 10:19:54 net: Preconfig
2022/11/17 10:20:03 Dropped selected mirror: https://mirrors.163.com/cygwin/
2022/11/17 10:20:04 Adding dropped mirrors to cache to warn again.
2022/11/17 10:20:04 site: https://mirrors.163.com/cygwin/
2022/11/17 10:20:06 solving: 0 tasks, update: yes, use test packages: no
2022/11/17 10:20:36 solving: 1 tasks, update: no, use test packages: no
2022/11/17 10:20:36 Augmented Transaction List:
2022/11/17 10:20:36    0 install gperf 3.1-1 
2022/11/17 10:20:38 Downloaded D:\Cygwin/https%3a%2f%2fmirrors.163.com%2fcygwin%2f/x86/release/gperf/gperf-3.1-1.tar.xz
2022/11/17 10:20:38 Extracting from file://D:\Cygwin/https%3a%2f%2fmirrors.163.com%2fcygwin%2f/x86/release/gperf/gperf-3.1-1.tar.xz
2022/11/17 10:20:38 Changing gid back to original
2022/11/17 10:20:38 running: D:\Cygwin\bin\dash.exe "/etc/postinstall/0p_000_autorebase.dash"
2022/11/17 10:20:41 running: D:\Cygwin\bin\dash.exe "/etc/postinstall/0p_update-info-dir.dash"
2022/11/17 10:20:46 running: D:\Cygwin\bin\dash.exe "/etc/postinstall/zp_man-db-update-index.dash"
2022/11/17 10:20:46 Changing gid to Administrators
2022/11/17 10:20:48 note: Installation Complete
2022/11/17 10:20:48 Ending cygwin install
2022/11/17 10:20:50 Starting cygwin install, version 2.919
2022/11/17 10:20:50 mbox : Cygwin support for 32-bit Windows is deprecated, and will be removed in the next major version
2022/11/17 10:20:51 User has backup/restore rights
2022/11/17 10:20:51 User has symlink creation right
2022/11/17 10:20:51 Current Directory: D:\Cygwin
2022/11/17 10:20:53 source: network install
2022/11/17 10:20:54 root: D:\Cygwin system
2022/11/17 10:20:55 Selected local directory: D:\Cygwin
2022/11/17 10:20:55 net: Preconfig
2022/11/17 10:20:58 Dropped selected mirror: https://mirrors.163.com/cygwin/
2022/11/17 10:20:59 Adding dropped mirrors to cache to warn again.
2022/11/17 10:20:59 site: https://mirrors.163.com/cygwin/
2022/11/17 10:21:01 solving: 0 tasks, update: yes, use test packages: no
2022/11/17 10:21:17 mbox : Are you sure you want to exit setup? Any current download or installation will be aborted.
2022/11/17 10:21:18 Ending cygwin install
